This file contains any messages produced by compilers while
running configure, to aid debugging if configure makes a mistake.

It was created by gldoodle-pro configure 0.1.0, which was
generated by GNU Autoconf 2.69.  Invocation command line was

  $ ./configure 

## --------- ##
## Platform. ##
## --------- ##

hostname = atexit
uname -m = x86_64
uname -r = 4.2.0-22-generic
uname -s = Linux
uname -v = #27-Ubuntu SMP Thu Dec 17 22:57:08 UTC 2015

/usr/bin/uname -p = unknown
/bin/uname -X     = unknown

/bin/arch              = unknown
/usr/bin/arch -k       = unknown
/usr/convex/getsysinfo = unknown
/usr/bin/hostinfo      = unknown
/bin/machine           = unknown
/usr/bin/oslevel       = unknown
/bin/universe          = unknown

PATH: /home/sam/bin
PATH: /usr/local/sbin
PATH: /usr/local/bin
PATH: /usr/sbin
PATH: /usr/bin
PATH: /sbin
PATH: /bin
PATH: /usr/games
PATH: /usr/local/games
PATH: /home/sam/bin
PATH: /home/sam/.local/bin
PATH: /home/sam/bin
PATH: /home/sam/.local/bin


## ----------- ##
## Core tests. ##
## ----------- ##

configure:1858: checking for a BSD-compatible install
configure:1926: result: /usr/bin/install -c
configure:1937: checking whether build environment is sane
configure:1992: result: yes
configure:2143: checking for a thread-safe mkdir -p
configure:2182: result: /bin/mkdir -p
configure:2189: checking for gawk
configure:2205: found /usr/bin/gawk
configure:2216: result: gawk
configure:2227: checking whether make sets $(MAKE)
configure:2249: result: yes
configure:2278: checking whether make supports nested variables
configure:2295: result: yes
configure:2422: checking whether to enable maintainer-specific portions of Makefiles
configure:2431: result: yes
configure:2493: checking for gcc
configure:2509: found /usr/bin/gcc
configure:2520: result: gcc
configure:2749: checking for C compiler version
configure:2758: gcc --version >&5
gcc (Ubuntu 5.2.1-22ubuntu2) 5.2.1 20151010
Copyright (C) 2015 Free Software Foundation, Inc.
This is free software; see the source for copying conditions.  There is NO
warranty; not even for MERCHANTABILITY or FITNESS FOR A PARTICULAR PURPOSE.

configure:2769: $? = 0
configure:2758: gcc -v >&5
Using built-in specs.
COLLECT_GCC=gcc
COLLECT_LTO_WRAPPER=/usr/lib/gcc/x86_64-linux-gnu/5/lto-wrapper
Target: x86_64-linux-gnu
Configured with: ../src/configure -v --with-pkgversion='Ubuntu 5.2.1-22ubuntu2' --with-bugurl=file:///usr/share/doc/gcc-5/README.Bugs --enable-languages=c,ada,c++,java,go,d,fortran,objc,obj-c++ --prefix=/usr --program-suffix=-5 --enable-shared --enable-linker-build-id --libexecdir=/usr/lib --without-included-gettext --enable-threads=posix --libdir=/usr/lib --enable-nls --with-sysroot=/ --enable-clocale=gnu --enable-libstdcxx-debug --enable-libstdcxx-time=yes --with-default-libstdcxx-abi=new --enable-gnu-unique-object --disable-vtable-verify --enable-libmpx --enable-plugin --with-system-zlib --disable-browser-plugin --enable-java-awt=gtk --enable-gtk-cairo --with-java-home=/usr/lib/jvm/java-1.5.0-gcj-5-amd64/jre --enable-java-home --with-jvm-root-dir=/usr/lib/jvm/java-1.5.0-gcj-5-amd64 --with-jvm-jar-dir=/usr/lib/jvm-exports/java-1.5.0-gcj-5-amd64 --with-arch-directory=amd64 --with-ecj-jar=/usr/share/java/eclipse-ecj.jar --enable-objc-gc --enable-multiarch --disable-werror --with-arch-32=i686 --with-abi=m64 --with-multilib-list=m32,m64,mx32 --enable-multilib --with-tune=generic --enable-checking=release --build=x86_64-linux-gnu --host=x86_64-linux-gnu --target=x86_64-linux-gnu
Thread model: posix
gcc version 5.2.1 20151010 (Ubuntu 5.2.1-22ubuntu2) 
configure:2769: $? = 0
configure:2758: gcc -V >&5
gcc: error: unrecognized command line option '-V'
gcc: fatal error: no input files
compilation terminated.
configure:2769: $? = 1
configure:2758: gcc -qversion >&5
gcc: error: unrecognized command line option '-qversion'
gcc: fatal error: no input files
compilation terminated.
configure:2769: $? = 1
configure:2789: checking whether the C compiler works
configure:2811: gcc    conftest.c  >&5
configure:2815: $? = 0
configure:2863: result: yes
configure:2866: checking for C compiler default output file name
configure:2868: result: a.out
configure:2874: checking for suffix of executables
configure:2881: gcc -o conftest    conftest.c  >&5
configure:2885: $? = 0
configure:2907: result: 
configure:2929: checking whether we are cross compiling
configure:2937: gcc -o conftest    conftest.c  >&5
configure:2941: $? = 0
configure:2948: ./conftest
configure:2952: $? = 0
configure:2967: result: no
configure:2972: checking for suffix of object files
configure:2994: gcc -c   conftest.c >&5
configure:2998: $? = 0
configure:3019: result: o
configure:3023: checking whether we are using the GNU C compiler
configure:3042: gcc -c   conftest.c >&5
configure:3042: $? = 0
configure:3051: result: yes
configure:3060: checking whether gcc accepts -g
configure:3080: gcc -c -g  conftest.c >&5
configure:3080: $? = 0
configure:3121: result: yes
configure:3138: checking for gcc option to accept ISO C89
configure:3201: gcc  -c -g -O2  conftest.c >&5
configure:3201: $? = 0
configure:3214: result: none needed
configure:3239: checking whether gcc understands -c and -o together
configure:3261: gcc -c conftest.c -o conftest2.o
configure:3264: $? = 0
configure:3261: gcc -c conftest.c -o conftest2.o
configure:3264: $? = 0
configure:3276: result: yes
configure:3304: checking for style of include used by make
configure:3332: result: GNU
configure:3358: checking dependency style of gcc
configure:3469: result: gcc3
configure:3539: checking for pkg-config
configure:3557: found /usr/bin/pkg-config
configure:3569: result: /usr/bin/pkg-config
configure:3594: checking pkg-config is at least version 0.9.0
configure:3597: result: yes
configure:3607: checking for gllibs
configure:3614: $PKG_CONFIG --exists --print-errors "gl glew glfw3 >= 3.0"
configure:3617: $? = 0
configure:3631: $PKG_CONFIG --exists --print-errors "gl glew glfw3 >= 3.0"
configure:3634: $? = 0
configure:3692: result: yes
configure:3811: checking that generated files are newer than configure
configure:3817: result: done
configure:3844: creating ./config.status

## ---------------------- ##
## Running config.status. ##
## ---------------------- ##

This file was extended by gldoodle-pro config.status 0.1.0, which was
generated by GNU Autoconf 2.69.  Invocation command line was

  CONFIG_FILES    = 
  CONFIG_HEADERS  = 
  CONFIG_LINKS    = 
  CONFIG_COMMANDS = 
  $ ./config.status 

on atexit

config.status:847: creating Makefile
config.status:847: creating config.h
config.status:1028: config.h is unchanged
config.status:1076: executing depfiles commands

## ---------------- ##
## Cache variables. ##
## ---------------- ##

ac_cv_c_compiler_gnu=yes
ac_cv_env_CC_set=
ac_cv_env_CC_value=
ac_cv_env_CFLAGS_set=
ac_cv_env_CFLAGS_value=
ac_cv_env_CPPFLAGS_set=
ac_cv_env_CPPFLAGS_value=
ac_cv_env_LDFLAGS_set=
ac_cv_env_LDFLAGS_value=
ac_cv_env_LIBS_set=
ac_cv_env_LIBS_value=
ac_cv_env_PKG_CONFIG_LIBDIR_set=
ac_cv_env_PKG_CONFIG_LIBDIR_value=
ac_cv_env_PKG_CONFIG_PATH_set=
ac_cv_env_PKG_CONFIG_PATH_value=
ac_cv_env_PKG_CONFIG_set=
ac_cv_env_PKG_CONFIG_value=
ac_cv_env_build_alias_set=
ac_cv_env_build_alias_value=
ac_cv_env_gllibs_CFLAGS_set=
ac_cv_env_gllibs_CFLAGS_value=
ac_cv_env_gllibs_LIBS_set=
ac_cv_env_gllibs_LIBS_value=
ac_cv_env_host_alias_set=
ac_cv_env_host_alias_value=
ac_cv_env_target_alias_set=
ac_cv_env_target_alias_value=
ac_cv_objext=o
ac_cv_path_ac_pt_PKG_CONFIG=/usr/bin/pkg-config
ac_cv_path_install='/usr/bin/install -c'
ac_cv_path_mkdir=/bin/mkdir
ac_cv_prog_AWK=gawk
ac_cv_prog_ac_ct_CC=gcc
ac_cv_prog_cc_c89=
ac_cv_prog_cc_g=yes
ac_cv_prog_make_make_set=yes
am_cv_CC_dependencies_compiler_type=gcc3
am_cv_make_support_nested_variables=yes
am_cv_prog_cc_c_o=yes
pkg_cv_gllibs_CFLAGS='-I/usr/include/GL -I/usr/include/libdrm '
pkg_cv_gllibs_LIBS='-lGLEW -lGLU -lGL -lglfw '

## ----------------- ##
## Output variables. ##
## ----------------- ##

ACLOCAL='${SHELL} /home/sam/code/X/missing aclocal-1.15'
AMDEPBACKSLASH='\'
AMDEP_FALSE='#'
AMDEP_TRUE=''
AMTAR='$${TAR-tar}'
AM_BACKSLASH='\'
AM_DEFAULT_V='$(AM_DEFAULT_VERBOSITY)'
AM_DEFAULT_VERBOSITY='1'
AM_V='$(V)'
AUTOCONF='${SHELL} /home/sam/code/X/missing autoconf'
AUTOHEADER='${SHELL} /home/sam/code/X/missing autoheader'
AUTOMAKE='${SHELL} /home/sam/code/X/missing automake-1.15'
AWK='gawk'
CC='gcc'
CCDEPMODE='depmode=gcc3'
CFLAGS='-g -O2'
CPPFLAGS=''
CYGPATH_W='echo'
DEFS='-DHAVE_CONFIG_H'
DEPDIR='.deps'
ECHO_C=''
ECHO_N='-n'
ECHO_T=''
EXEEXT=''
INSTALL_DATA='${INSTALL} -m 644'
INSTALL_PROGRAM='${INSTALL}'
INSTALL_SCRIPT='${INSTALL}'
INSTALL_STRIP_PROGRAM='$(install_sh) -c -s'
LDFLAGS=''
LIBOBJS=''
LIBS=''
LTLIBOBJS=''
MAINT=''
MAINTAINER_MODE_FALSE='#'
MAINTAINER_MODE_TRUE=''
MAKEINFO='${SHELL} /home/sam/code/X/missing makeinfo'
MKDIR_P='/bin/mkdir -p'
OBJEXT='o'
PACKAGE='gldoodle-pro'
PACKAGE_BUGREPORT='sam@samuelphillips.net'
PACKAGE_NAME='gldoodle-pro'
PACKAGE_STRING='gldoodle-pro 0.1.0'
PACKAGE_TARNAME='gldoodle-pro'
PACKAGE_URL=''
PACKAGE_VERSION='0.1.0'
PATH_SEPARATOR=':'
PKG_CONFIG='/usr/bin/pkg-config'
PKG_CONFIG_LIBDIR=''
PKG_CONFIG_PATH=''
SET_MAKE=''
SHELL='/bin/bash'
STRIP=''
VERSION='0.1.0'
ac_ct_CC='gcc'
am__EXEEXT_FALSE=''
am__EXEEXT_TRUE='#'
am__fastdepCC_FALSE='#'
am__fastdepCC_TRUE=''
am__include='include'
am__isrc=''
am__leading_dot='.'
am__nodep='_no'
am__quote=''
am__tar='$${TAR-tar} chof - "$$tardir"'
am__untar='$${TAR-tar} xf -'
bindir='${exec_prefix}/bin'
build_alias=''
datadir='${datarootdir}'
datarootdir='${prefix}/share'
docdir='${datarootdir}/doc/${PACKAGE_TARNAME}'
dvidir='${docdir}'
exec_prefix='${prefix}'
gllibs_CFLAGS='-I/usr/include/GL -I/usr/include/libdrm '
gllibs_LIBS='-lGLEW -lGLU -lGL -lglfw '
host_alias=''
htmldir='${docdir}'
includedir='${prefix}/include'
infodir='${datarootdir}/info'
install_sh='${SHELL} /home/sam/code/X/install-sh'
libdir='${exec_prefix}/lib'
libexecdir='${exec_prefix}/libexec'
localedir='${datarootdir}/locale'
localstatedir='${prefix}/var'
mandir='${datarootdir}/man'
mkdir_p='$(MKDIR_P)'
oldincludedir='/usr/include'
pdfdir='${docdir}'
prefix='/usr/local'
program_transform_name='s,x,x,'
psdir='${docdir}'
sbindir='${exec_prefix}/sbin'
sharedstatedir='${prefix}/com'
sysconfdir='${prefix}/etc'
target_alias=''

## ----------- ##
## confdefs.h. ##
## ----------- ##

/* confdefs.h */
#define PACKAGE_NAME "gldoodle-pro"
#define PACKAGE_TARNAME "gldoodle-pro"
#define PACKAGE_VERSION "0.1.0"
#define PACKAGE_STRING "gldoodle-pro 0.1.0"
#define PACKAGE_BUGREPORT "sam@samuelphillips.net"
#define PACKAGE_URL ""
#define PACKAGE "gldoodle-pro"
#define VERSION "0.1.0"

configure: exit 0
